This is pdfeTeX, Version 3.141592-1.21a-2.2 (Web2C 7.5.4) (format=pdflatex 2010.9.18)  19 MAY 2011 19:54
entering extended mode
**nagusia.tex
(./nagusia.tex
LaTeX2e <2003/12/01>
Babel <v3.8d> and hyphenation patterns for american, french, german, ngerman, b
ahasa, basque, bulgarian, catalan, croatian, czech, danish, dutch, esperanto, e
stonian, finnish, greek, icelandic, irish, italian, latin, magyar, norsk, polis
h, portuges, romanian, russian, serbian, slovak, slovene, spanish, swedish, tur
kish, ukrainian, nohyphenation, loaded.
(/usr/local/share/texmf-dist/tex/latex/base/article.cls
Document Class: article 2004/02/16 v1.4f Standard LaTeX document class
(/usr/local/share/texmf-dist/tex/latex/base/size12.clo
File: size12.clo 2004/02/16 v1.4f Standard LaTeX file (size option)
)
\c@part=\count79
\c@section=\count80
\c@subsection=\count81
\c@subsubsection=\count82
\c@paragraph=\count83
\c@subparagraph=\count84
\c@figure=\count85
\c@table=\count86
\abovecaptionskip=\skip41
\belowcaptionskip=\skip42
\bibindent=\dimen102
)
(/usr/local/share/texmf-dist/tex/generic/babel/babel.sty
Package: babel 2004/11/20 v3.8d The Babel package

(/usr/local/share/texmf-dist/tex/generic/babel/basque.ldf
Language: basque 2004/02/19 v1.0f Basque support from the babel system

(/usr/local/share/texmf-dist/tex/generic/babel/babel.def
File: babel.def 2004/11/20 v3.8d Babel common definitions
\babel@savecnt=\count87
\U@D=\dimen103
)
Package babel Info: Making " an active character on input line 85.
Warning: You are using encoding OT1 instead of T1.
Some word breaks will not be found.
))
(/usr/local/share/texmf-dist/tex/latex/preprint/fullpage.sty
Package: fullpage 1999/02/23 1.1 (PWD)
\FP@margin=\skip43
)
(/usr/local/share/texmf-dist/tex/latex/graphics/graphicx.sty
Package: graphicx 1999/02/16 v1.0f Enhanced LaTeX Graphics (DPC,SPQR)

(/usr/local/share/texmf-dist/tex/latex/graphics/keyval.sty
Package: keyval 1999/03/16 v1.13 key=value parser (DPC)
\KV@toks@=\toks14
)
(/usr/local/share/texmf-dist/tex/latex/graphics/graphics.sty
Package: graphics 2001/07/07 v1.0n Standard LaTeX Graphics (DPC,SPQR)

(/usr/local/share/texmf-dist/tex/latex/graphics/trig.sty
Package: trig 1999/03/16 v1.09 sin cos tan (DPC)
)
(/usr/local/share/texmf-dist/tex/latex/graphics/graphics.cfg
File: graphics.cfg 2005/02/03 v1.3 graphics configuration of teTeX/TeXLive
)
Package graphics Info: Driver file: pdftex.def on input line 80.

(/usr/local/share/texmf-dist/tex/latex/graphics/pdftex.def
File: pdftex.def 2002/06/19 v0.03k graphics/color for pdftex
\Gread@gobject=\count88
))
\Gin@req@height=\dimen104
\Gin@req@width=\dimen105
)
(/usr/local/share/texmf-dist/tex/latex/amsmath/amsmath.sty
Package: amsmath 2000/07/18 v2.13 AMS math features
\@mathmargin=\skip44

For additional information on amsmath, use the `?' option.
(/usr/local/share/texmf-dist/tex/latex/amsmath/amstext.sty
Package: amstext 2000/06/29 v2.01

(/usr/local/share/texmf-dist/tex/latex/amsmath/amsgen.sty
File: amsgen.sty 1999/11/30 v2.0
\@emptytoks=\toks15
\ex@=\dimen106
))
(/usr/local/share/texmf-dist/tex/latex/amsmath/amsbsy.sty
Package: amsbsy 1999/11/29 v1.2d
\pmbraise@=\dimen107
)
(/usr/local/share/texmf-dist/tex/latex/amsmath/amsopn.sty
Package: amsopn 1999/12/14 v2.01 operator names
)
\inf@bad=\count89
LaTeX Info: Redefining \frac on input line 211.
\uproot@=\count90
\leftroot@=\count91
LaTeX Info: Redefining \overline on input line 307.
\classnum@=\count92
\DOTSCASE@=\count93
LaTeX Info: Redefining \ldots on input line 379.
LaTeX Info: Redefining \dots on input line 382.
LaTeX Info: Redefining \cdots on input line 467.
\Mathstrutbox@=\box26
\strutbox@=\box27
\big@size=\dimen108
LaTeX Font Info:    Redeclaring font encoding OML on input line 567.
LaTeX Font Info:    Redeclaring font encoding OMS on input line 568.
\macc@depth=\count94
\c@MaxMatrixCols=\count95
\dotsspace@=\muskip10
\c@parentequation=\count96
\dspbrk@lvl=\count97
\tag@help=\toks16
\row@=\count98
\column@=\count99
\maxfields@=\count100
\andhelp@=\toks17
\eqnshift@=\dimen109
\alignsep@=\dimen110
\tagshift@=\dimen111
\tagwidth@=\dimen112
\totwidth@=\dimen113
\lineht@=\dimen114
\@envbody=\toks18
\multlinegap=\skip45
\multlinetaggap=\skip46
\mathdisplay@stack=\toks19
LaTeX Info: Redefining \[ on input line 2666.
LaTeX Info: Redefining \] on input line 2667.
)
(/usr/local/share/texmf-dist/tex/latex/listings/listings.sty
\lst@mode=\count101
\lst@gtempboxa=\box28
\lst@token=\toks20
\lst@length=\count102
\lst@currlwidth=\dimen115
\lst@column=\count103
\lst@pos=\count104
\lst@lostspace=\dimen116
\lst@width=\dimen117
\lst@newlines=\count105
\lst@lineno=\count106
\c@lstlisting=\count107
\lst@maxwidth=\dimen118

(/usr/local/share/texmf-dist/tex/latex/listings/lstpatch.sty
File: lstpatch.sty 2004/10/17 1.3b (Carsten Heinz)
)
(/usr/local/share/texmf-dist/tex/latex/listings/lstmisc.sty
File: lstmisc.sty 2004/09/07 1.3 (Carsten Heinz)
\c@lstnumber=\count108
\lst@skipnumbers=\count109
\lst@framebox=\box29
)
(/usr/local/share/texmf-dist/tex/latex/listings/listings.cfg
File: listings.cfg 2004/09/05 1.3 listings configuration
))
Package: listings 2004/10/17 1.3b (Carsten Heinz)

(/usr/local/share/texmf-dist/tex/latex/hyperref/hyperref.sty
Package: hyperref 2003/11/30 v6.74m Hypertext links for LaTeX
\@linkdim=\dimen119
\Hy@linkcounter=\count110
\Hy@pagecounter=\count111

(/usr/local/share/texmf-dist/tex/latex/hyperref/pd1enc.def
File: pd1enc.def 2003/11/30 v6.74m Hyperref: PDFDocEncoding definition (HO)
)
(/usr/local/share/texmf-dist/tex/latex/hyperref/hyperref.cfg
File: hyperref.cfg 2002/06/06 v1.2 hyperref configuration of TeXLive and teTeX
)
Package hyperref Info: Option `colorlinks' set `true' on input line 1830.
Package hyperref Info: Hyper figures OFF on input line 1880.
Package hyperref Info: Link nesting OFF on input line 1885.
Package hyperref Info: Hyper index ON on input line 1888.
Package hyperref Info: Plain pages ON on input line 1893.
Package hyperref Info: Backreferencing OFF on input line 1900.

Implicit mode ON; LaTeX internals redefined
Package hyperref Info: Bookmarks ON on input line 2004.
(/usr/local/share/texmf-dist/tex/latex/url/url.sty
\Urlmuskip=\muskip11
Package: url 2004/03/15  ver 3.1  Verb mode for urls, etc.
)
LaTeX Info: Redefining \url on input line 2143.
\Fld@menulength=\count112
\Field@Width=\dimen120
\Fld@charsize=\dimen121
\Choice@toks=\toks21
\Field@toks=\toks22
Package hyperref Info: Hyper figures OFF on input line 2618.
Package hyperref Info: Link nesting OFF on input line 2623.
Package hyperref Info: Hyper index ON on input line 2626.
Package hyperref Info: backreferencing OFF on input line 2633.
Package hyperref Info: Link coloring ON on input line 2636.
\c@Item=\count113
\c@Hfootnote=\count114
)
*hyperref using driver hpdftex*
(/usr/local/share/texmf-dist/tex/latex/hyperref/hpdftex.def
File: hpdftex.def 2003/11/30 v6.74m Hyperref driver for pdfTeX

(/usr/local/share/texmf-dist/tex/latex/psnfss/pifont.sty
Package: pifont 2004/09/15 PSNFSS-v9.2 Pi font support (SPQR) 
LaTeX Font Info:    Try loading font information for U+pzd on input line 63.

(/usr/local/share/texmf-dist/tex/latex/psnfss/upzd.fd
File: upzd.fd 2001/06/04 font definitions for U/pzd.
)
LaTeX Font Info:    Try loading font information for U+psy on input line 64.

(/usr/local/share/texmf-dist/tex/latex/psnfss/upsy.fd
File: upsy.fd 2001/06/04 font definitions for U/psy.
))
\Fld@listcount=\count115
\@outlinefile=\write3
)
(/usr/local/share/texmf-dist/tex/latex/caption/caption.sty
Package: caption 2004/07/16 v3.0c Customising captions (AS)
\captionmargin=\dimen122
\captionwidth=\dimen123
\captionindent=\dimen124
\captionparindent=\dimen125
\captionhangindent=\dimen126
Package caption Info: listings package v1.2 (or newer) detected on input line 6
04.
) (./nagusia.aux
(./azala.aux) (./abstract.aux) (./sarrera.aux) (./aanalisia.aux)
(./diseinua.aux) (./inplementazioa.aux) (./ondorioak.aux) (./hobekuntzak.aux)
(./eranskinak.aux))
\openout1 = `nagusia.aux'.

LaTeX Font Info:    Checking defaults for OML/cmm/m/it on input line 41.
LaTeX Font Info:    ... okay on input line 41.
LaTeX Font Info:    Checking defaults for T1/cmr/m/n on input line 41.
LaTeX Font Info:    ... okay on input line 41.
LaTeX Font Info:    Checking defaults for OT1/cmr/m/n on input line 41.
LaTeX Font Info:    ... okay on input line 41.
LaTeX Font Info:    Checking defaults for OMS/cmsy/m/n on input line 41.
LaTeX Font Info:    ... okay on input line 41.
LaTeX Font Info:    Checking defaults for OMX/cmex/m/n on input line 41.
LaTeX Font Info:    ... okay on input line 41.
LaTeX Font Info:    Checking defaults for U/cmr/m/n on input line 41.
LaTeX Font Info:    ... okay on input line 41.
LaTeX Font Info:    Checking defaults for PD1/pdf/m/n on input line 41.
LaTeX Font Info:    ... okay on input line 41.
 (/usr/local/share/texmf-dist/tex/context/base/supp-pdf.tex
(/usr/local/share/texmf-dist/tex/context/base/supp-mis.tex
loading : Context Support Macros / Miscellaneous (2004.10.26)
\protectiondepth=\count116
\scratchcounter=\count117
\scratchtoks=\toks23
\scratchdimen=\dimen127
\scratchskip=\skip47
\scratchmuskip=\muskip12
\scratchbox=\box30
\scratchread=\read1
\scratchwrite=\write4
\zeropoint=\dimen128
\onepoint=\dimen129
\onebasepoint=\dimen130
\minusone=\count118
\thousandpoint=\dimen131
\onerealpoint=\dimen132
\emptytoks=\toks24
\nextbox=\box31
\nextdepth=\dimen133
\everyline=\toks25
\!!counta=\count119
\!!countb=\count120
\recursecounter=\count121
)
loading : Context Support Macros / PDF (2004.03.26)
\nofMPsegments=\count122
\nofMParguments=\count123
\MPscratchCnt=\count124
\MPscratchDim=\dimen134
\MPnumerator=\count125
\everyMPtoPDFconversion=\toks26
) (/usr/local/share/texmf-dist/tex/latex/graphics/color.sty
Package: color 1999/02/16 v1.0i Standard LaTeX Color (DPC)
LaTeX Info: Redefining \color on input line 71.

(/usr/local/share/texmf-dist/tex/latex/graphics/color.cfg
File: color.cfg 2005/02/03 v1.3 color configuration of teTeX/TeXLive
)
Package color Info: Driver file: pdftex.def on input line 125.
)
Package hyperref Info: Link coloring ON on input line 41.

(/usr/local/share/texmf-dist/tex/latex/hyperref/nameref.sty
Package: nameref 2003/12/03 v2.21 Cross-referencing by name of section
\c@section@level=\count126
)
LaTeX Info: Redefining \ref on input line 41.
LaTeX Info: Redefining \pageref on input line 41.
 (./nagusia.out)
(./nagusia.out)
\openout3 = `nagusia.out'.

 (/usr/local/share/texmf-dist/tex/latex/ms/ragged2e.sty
Package: ragged2e 2003/03/25 v2.04 ragged2e Package (MS)

(/usr/local/share/texmf-dist/tex/latex/ms/everysel.sty
Package: everysel 1999/06/08 v1.03 EverySelectfont Package (MS)
LaTeX Info: Redefining \selectfont on input line 125.
)
\CenteringLeftskip=\skip48
\RaggedLeftLeftskip=\skip49
\RaggedRightLeftskip=\skip50
\CenteringRightskip=\skip51
\RaggedLeftRightskip=\skip52
\RaggedRightRightskip=\skip53
\CenteringParfillskip=\skip54
\RaggedLeftParfillskip=\skip55
\RaggedRightParfillskip=\skip56
\JustifyingParfillskip=\skip57
\CenteringParindent=\skip58
\RaggedLeftParindent=\skip59
\RaggedRightParindent=\skip60
\JustifyingParindent=\skip61
)
\openout2 = `azala.aux'.

 (./azala.tex
<irudiak/mgeplogo2.png, id=159, 418.56375pt x 173.64874pt>
File: irudiak/mgeplogo2.png Graphic file (type png)

<use irudiak/mgeplogo2.png>) [1


{/usr/local/share/texmf-var/fonts/map/pdftex/updmap/pdftex.map} <./irudiak/mgep
logo2.png>]
\openout2 = `abstract.aux'.

 (./abstract.tex [2


]) (./nagusia.toc)
\tf@toc=\write5
\openout5 = `nagusia.toc'.

[3

] (./nagusia.lof)
\tf@lof=\write6
\openout6 = `nagusia.lof'.

 [4]
\openout2 = `sarrera.aux'.

 (./sarrera.tex) [5

]
\openout2 = `aanalisia.aux'.

 (./aanalisia.tex [6


]) [7]
\openout2 = `diseinua.aux'.


(./diseinua.tex
LaTeX Font Info:    Try loading font information for OMS+cmr on input line 11.
 (/usr/local/share/texmf-dist/tex/latex/base/omscmr.fd
File: omscmr.fd 1999/05/25 v2.5h Standard LaTeX font definitions
)
LaTeX Font Info:    Font shape `OMS/cmr/m/n' in size <12> not available
(Font)              Font shape `OMS/cmsy/m/n' tried instead on input line 11.

<irudiak/cau.png, id=265, 699.61375pt x 447.6725pt>
File: irudiak/cau.png Graphic file (type png)
 <use irudiak/cau.png>
[8


]
Overfull \hbox (3.956pt too wide) in paragraph at lines 49--50
[]\OT1/cmr/m/n/12 Sistema (zer-bi-tza-riak, era-bil-tzai-leen eki-poak...)
 []

[9 <./irudiak/cau.png>]
<irudiak/gestionInzidentzia.png, id=281, 593.21625pt x 440.64626pt>
File: irudiak/gestionInzidentzia.png Graphic file (type png)

<use irudiak/gestionInzidentzia.png>
<irudiak/cmdb.png, id=282, 1012.78375pt x 560.0925pt>
File: irudiak/cmdb.png Graphic file (type png)
 <use irudiak/cmdb.png>
[10 <./irudiak/gestionInzidentzia.png>]
Overfull \hbox (6.43521pt too wide) in paragraph at lines 81--82
\OT1/cmr/m/n/12 ko. Behin sis-te-man lo-gea-tu-ta, in-zi-den-tziak sor-tze-ko a
u-ke-ra, edo en-pre-sa-ko CI(configuration
 []

[11 <./irudiak/cmdb.png>]
Overfull \hbox (33.9951pt too wide) in paragraph at lines 111--112
[]\OT1/cmr/m/n/12 Kutxa zu-ri-ko fro-gak, ja-da ko-dea ikus-gai dau-ka-gu-la-ri
k egi-ten di-ra (hor-tik ize-na, gardentasuna-
 []

[12]
Overfull \hbox (0.24684pt too wide) in paragraph at lines 121--122
[]\OT1/cmr/m/n/12 Informatikari ba-tek in-zi-den-tzia be-rri bat sor-tu on-do-r
en in-zi-den-tziak ikus-te-ko sakatu-
 []


Underfull \hbox (badness 10000) in paragraph at lines 121--122

 []

<irudiak/sarea.png, id=301, 433.62pt x 464.73625pt>
File: irudiak/sarea.png Graphic file (type png)
 <use irudiak/sarea.png>
[13]) [14 <./irudiak/sarea.png>] [15]
\openout2 = `inplementazioa.aux'.

 (./inplementazioa.tex
Overfull \hbox (47.20735pt too wide) in paragraph at lines 46--46
[]\OT1/cmtt/m/n/12 mkdir POPBL6                                            (pro
iektuaren direktorioa[] 
 []


Overfull \hbox (10.15733pt too wide) in paragraph at lines 46--46
[]\OT1/cmtt/m/n/12 cd POPBL6                                               (dir
ektoriora joan)[] 
 []


Overfull \hbox (3.98233pt too wide) in paragraph at lines 46--46
[]\OT1/cmtt/m/n/12 git init                                                (git
 errepositorio[] 
 []


Overfull \hbox (16.33234pt too wide) in paragraph at lines 46--46
[]\OT1/cmtt/m/n/12 git add README                                          (fit
xategia indizera[] 
 []


Overfull \hbox (47.20735pt too wide) in paragraph at lines 46--46
[]                                                        \OT1/cmtt/m/n/12 lehe
n commita mezuarekin)[] 
 []

[16


]
Overfull \hbox (22.50734pt too wide) in paragraph at lines 46--46
[]                                                        \OT1/cmtt/m/n/12 erre
positorioa gehitu[] 
 []


Overfull \hbox (3.98233pt too wide) in paragraph at lines 46--46
[]                                                        \OT1/cmtt/m/n/12 orig
in izenarekin)[] 
 []


Overfull \hbox (10.15733pt too wide) in paragraph at lines 46--46
[]\OT1/cmtt/m/n/12 git push -u origin master                               (gur
e errepositorio[] 
 []


Overfull \hbox (22.50734pt too wide) in paragraph at lines 46--46
[]                                                        \OT1/cmtt/m/n/12 loka
leko adar nagusia[] 
 []

[17] [18] [19]) [20]
\openout2 = `ondorioak.aux'.

 (./ondorioak.tex) [21


]
\openout2 = `hobekuntzak.aux'.

 (./hobekuntzak.tex
Overfull \hbox (3.63293pt too wide) in paragraph at lines 2--3
\OT1/cmr/m/n/12 Hobekuntza po-si-bleen ar-tean na-bar-men-du dai-tez-ke egi-ni-
ko apli-ka-zioa-ren alo-rrean, CMDB-
 []

) [22


]
\openout2 = `eranskinak.aux'.

 (./eranskinak.tex [23


] [24] [25] (./fgt_system.conf [26] [27] [28]
Overfull \hbox (187.43103pt too wide) in paragraph at lines 157--158
[][] 
 []

[29] [30]
LaTeX Font Info:    Try loading font information for OML+cmr on input line 224.

 (/usr/local/share/texmf-dist/tex/latex/base/omlcmr.fd
File: omlcmr.fd 1999/05/25 v2.5h Standard LaTeX font definitions
)
LaTeX Font Info:    Font shape `OML/cmr/m/n' in size <12> not available
(Font)              Font shape `OML/cmm/m/it' tried instead on input line 224.
 [31] [32]
[33] [34] [35] [36] [37] [38] [39] [40] [41] [42] [43] [44] [45] [46] [47]
[48] [49] [50] [51] [52]
Overfull \hbox (293.18085pt too wide) in paragraph at lines 989--990
[][] 
 []

[53] [54] [55] [56] [57] [58] [59])
Overfull \hbox (5.17986pt too wide) in paragraph at lines 157--159
[][]\OT1/cmr/m/n/12 http://docs.fortinet.com/fgt/archives/3.0/techdocs/FortiGat
e[]Example[]SOHO[]01-30006-
 []

) [60] (./nagusia.aux (./azala.aux) (./abstract.aux) (./sarrera.aux)
(./aanalisia.aux) (./diseinua.aux) (./inplementazioa.aux) (./ondorioak.aux)
(./hobekuntzak.aux) (./eranskinak.aux)) ) 
Here is how much of TeX's memory you used:
 6691 strings out of 94500
 95882 string characters out of 1174973
 368480 words of memory out of 1000000
 8311 multiletter control sequences out of 10000+100000
 12634 words of font info for 45 fonts, out of 500000 for 2000
 580 hyphenation exceptions out of 1000
 31i,8n,42p,2199b,1510s stack positions out of 1500i,500n,5000p,200000b,5000s
PDF statistics:
 1820 PDF objects out of 300000
 1413 named destinations out of 131072
 346 words of extra memory for PDF output out of 65536
</usr/local/share/texmf-dist/fonts/typ
e1/bluesky/cm/cmtt12.pfb></usr/local/share/texmf-dist/fonts/type1/bluesky/cm/cm
mi12.pfb></usr/local/share/texmf-dist/fonts/type1/bluesky/cm/cmsl10.pfb></usr/l
ocal/share/texmf-dist/fonts/type1/bluesky/cm/cmsy10.pfb></usr/local/share/texmf
-dist/fonts/type1/bluesky/cm/cmr7.pfb></usr/local/share/texmf-dist/fonts/type1/
bluesky/cm/cmr8.pfb></usr/local/share/texmf-dist/fonts/type1/bluesky/cm/cmti12.
pfb></usr/local/share/texmf-dist/fonts/type1/bluesky/cm/cmr10.pfb></usr/local/s
hare/texmf-dist/fonts/type1/bluesky/cm/cmbx10.pfb></usr/local/share/texmf-dist/
fonts/type1/bluesky/cm/cmr12.pfb></usr/local/share/texmf-dist/fonts/type1/blues
ky/cm/cmbx12.pfb>
Output written on nagusia.pdf (60 pages, 639787 bytes).
